


ARM Macro Assembler    Page 1 


    1 00000000         #line   1                ".\\output\\bsp_mma8451q.s"
    1 00000000         ; generated by Component: ARM Compiler 5.05 update 2 (bu
                       ild 169) Tool: ArmCC [4d0f38]
    2 00000000         ; commandline ArmCC [--debug -c -S -o.\output\bsp_mma845
                       1q.s --depend=.\output\bsp_mma8451q.d --cpu=Cortex-M0+ -
                       -apcs=interwork -O0 --diag_suppress=9931 -I..\ -I..\..\B
                       SP -I..\..\BSP\KeilMDK -I..\..\BSP\OS\uCOS-III -I..\..\B
                       SP\Freescale -I..\..\..\..\..\Software\uC-CPU -I..\..\..
                       \..\..\Software\uC-CPU\ARM-Cortex-M0\RealView -I..\..\..
                       \..\..\Software\uC-LIB -I..\..\..\..\..\Software\uC-LIB\
                       Ports\ARM-Cortex-M0\Generic\RealView -I..\..\..\..\..\So
                       ftware\uCOS-III\Source -I..\..\..\..\..\Software\uCOS-II
                       I\Ports\ARM-Cortex-M0\Generic\RealView -I"C:\Users\Admin
                       istrator\Desktop\learning_20151113\KL46_StepCounter\Micr
                       ium_FRDM-KL46Z_OS3\Micrium\Examples\Freescale\FRDM-KL46Z
                       \OS3\Keil MDK\RTE" -ID:\Keil_v5\ARM\PACK\Keil\Kinetis_KL
                       xx_DFP\1.8.0\Device\Include -ID:\Keil_v5\ARM\CMSIS\Inclu
                       de -D__UVISION_VERSION=515 -DMKL46Z256xxx4 --omf_browse=
                       .\output\bsp_mma8451q.crf ..\..\BSP\bsp_mma8451q.c]
    3 00000000                 THUMB
    4 00000000                 REQUIRE8
    5 00000000                 PRESERVE8
    6 00000000         
    7 00000000                 AREA             ||.text||, CODE, READONLY, ALIG
N=2
    8 00000000         
    9 00000000                 REQUIRE          _printf_percent
   10 00000000                 REQUIRE          _printf_d
   11 00000000                 REQUIRE          _printf_int_dec
   12 00000000         pause   PROC
   13 00000000 2000            MOVS             r0,#0
   14 00000002 E002            B                |L0.10|
   15 00000004         |L0.4|
   16 00000004 BF00            NOP
   17 00000006 1C41            ADDS             r1,r0,#1
   18 00000008 B2C8            UXTB             r0,r1
   19 0000000A         |L0.10|
   20 0000000A 2828            CMP              r0,#0x28
   21 0000000C DBFA            BLT              |L0.4|
   22 0000000E 4770            BX               lr
   23 00000010                 ENDP
   24 00000010         
   25 00000010         BSP_MMA8451_Write_Reg
                               PROC
   26 00000010 B570            PUSH             {r4-r6,lr}
   27 00000012 4604            MOV              r4,r0
   28 00000014 460D            MOV              r5,r1
   29 00000016 2000            MOVS             r0,#0
   30 00000018 F7FF FFFE       BL               BSP_I2C_Start
   31 0000001C 213A            MOVS             r1,#0x3a
   32 0000001E 2000            MOVS             r0,#0
   33 00000020 F7FF FFFE       BL               BSP_I2C_Write_Byte
   34 00000024 2000            MOVS             r0,#0
   35 00000026 F7FF FFFE       BL               BSP_I2C_Wait
   36 0000002A 2000            MOVS             r0,#0
   37 0000002C F7FF FFFE       BL               BSP_I2C_Get_Ack
   38 00000030 4621            MOV              r1,r4
   39 00000032 2000            MOVS             r0,#0
   40 00000034 F7FF FFFE       BL               BSP_I2C_Write_Byte



ARM Macro Assembler    Page 2 


   41 00000038 2000            MOVS             r0,#0
   42 0000003A F7FF FFFE       BL               BSP_I2C_Wait
   43 0000003E 2000            MOVS             r0,#0
   44 00000040 F7FF FFFE       BL               BSP_I2C_Get_Ack
   45 00000044 4629            MOV              r1,r5
   46 00000046 2000            MOVS             r0,#0
   47 00000048 F7FF FFFE       BL               BSP_I2C_Write_Byte
   48 0000004C 2000            MOVS             r0,#0
   49 0000004E F7FF FFFE       BL               BSP_I2C_Wait
   50 00000052 2000            MOVS             r0,#0
   51 00000054 F7FF FFFE       BL               BSP_I2C_Get_Ack
   52 00000058 2000            MOVS             r0,#0
   53 0000005A F7FF FFFE       BL               BSP_I2C_Stop
   54 0000005E F7FF FFFE       BL               pause
   55 00000062 BD70            POP              {r4-r6,pc}
   56 00000064                 ENDP
   57 00000064         
   58 00000064         BSP_MMA8451_Read_Reg
                               PROC
   59 00000064 B570            PUSH             {r4-r6,lr}
   60 00000066 4604            MOV              r4,r0
   61 00000068 2000            MOVS             r0,#0
   62 0000006A F7FF FFFE       BL               BSP_I2C_Start
   63 0000006E 213A            MOVS             r1,#0x3a
   64 00000070 2000            MOVS             r0,#0
   65 00000072 F7FF FFFE       BL               BSP_I2C_Write_Byte
   66 00000076 2000            MOVS             r0,#0
   67 00000078 F7FF FFFE       BL               BSP_I2C_Wait
   68 0000007C 2000            MOVS             r0,#0
   69 0000007E F7FF FFFE       BL               BSP_I2C_Get_Ack
   70 00000082 4621            MOV              r1,r4
   71 00000084 2000            MOVS             r0,#0
   72 00000086 F7FF FFFE       BL               BSP_I2C_Write_Byte
   73 0000008A 2000            MOVS             r0,#0
   74 0000008C F7FF FFFE       BL               BSP_I2C_Wait
   75 00000090 2000            MOVS             r0,#0
   76 00000092 F7FF FFFE       BL               BSP_I2C_Get_Ack
   77 00000096 2000            MOVS             r0,#0
   78 00000098 F7FF FFFE       BL               BSP_I2C_Repeated_Start
   79 0000009C 213B            MOVS             r1,#0x3b
   80 0000009E 2000            MOVS             r0,#0
   81 000000A0 F7FF FFFE       BL               BSP_I2C_Write_Byte
   82 000000A4 2000            MOVS             r0,#0
   83 000000A6 F7FF FFFE       BL               BSP_I2C_Wait
   84 000000AA 2000            MOVS             r0,#0
   85 000000AC F7FF FFFE       BL               BSP_I2C_Get_Ack
   86 000000B0 2000            MOVS             r0,#0
   87 000000B2 F7FF FFFE       BL               BSP_I2C_Set_RX_Mode
   88 000000B6 2000            MOVS             r0,#0
   89 000000B8 F7FF FFFE       BL               BSP_I2C_Give_Nack
   90 000000BC 2000            MOVS             r0,#0
   91 000000BE F7FF FFFE       BL               BSP_I2C_Read_Byte
   92 000000C2 4605            MOV              r5,r0
   93 000000C4 2000            MOVS             r0,#0
   94 000000C6 F7FF FFFE       BL               BSP_I2C_Wait
   95 000000CA 2000            MOVS             r0,#0
   96 000000CC F7FF FFFE       BL               BSP_I2C_Stop
   97 000000D0 2000            MOVS             r0,#0
   98 000000D2 F7FF FFFE       BL               BSP_I2C_Read_Byte



ARM Macro Assembler    Page 3 


   99 000000D6 4605            MOV              r5,r0
  100 000000D8 F7FF FFFE       BL               pause
  101 000000DC 4628            MOV              r0,r5
  102 000000DE BD70            POP              {r4-r6,pc}
  103 000000E0                 ENDP
  104 000000E0         
  105 000000E0         BSP_MMA8451_Init
                               PROC
  106 000000E0 B510            PUSH             {r4,lr}
  107 000000E2 2000            MOVS             r0,#0
  108 000000E4 F7FF FFFE       BL               BSP_I2C_Init
  109 000000E8 202A            MOVS             r0,#0x2a
  110 000000EA F7FF FFFE       BL               BSP_MMA8451_Read_Reg
  111 000000EE 4604            MOV              r4,r0
  112 000000F0 0861            LSRS             r1,r4,#1
  113 000000F2 0049            LSLS             r1,r1,#1
  114 000000F4 202A            MOVS             r0,#0x2a
  115 000000F6 F7FF FFFE       BL               BSP_MMA8451_Write_Reg
  116 000000FA BD10            POP              {r4,pc}
  117 000000FC                 ENDP
  118 000000FC         
  119 000000FC         mma8451_active
                               PROC
  120 000000FC B570            PUSH             {r4-r6,lr}
  121 000000FE 4604            MOV              r4,r0
  122 00000100 2C02            CMP              r4,#2
  123 00000102 D103            BNE              |L0.268|
  124 00000104 2C04            CMP              r4,#4
  125 00000106 D101            BNE              |L0.268|
  126 00000108 2C08            CMP              r4,#8
  127 0000010A D000            BEQ              |L0.270|
  128 0000010C         |L0.268|
  129 0000010C 2402            MOVS             r4,#2
  130 0000010E         |L0.270|
  131 0000010E 2C02            CMP              r4,#2
  132 00000110 D109            BNE              |L0.294|
  133 00000112 200E            MOVS             r0,#0xe
  134 00000114 F7FF FFFE       BL               BSP_MMA8451_Read_Reg
  135 00000118 0885            LSRS             r5,r0,#2
  136 0000011A 00AD            LSLS             r5,r5,#2
  137 0000011C 4629            MOV              r1,r5
  138 0000011E 200E            MOVS             r0,#0xe
  139 00000120 F7FF FFFE       BL               BSP_MMA8451_Write_Reg
  140 00000124 E028            B                |L0.376|
  141 00000126         |L0.294|
  142 00000126 2C04            CMP              r4,#4
  143 00000128 D113            BNE              |L0.338|
  144 0000012A 200E            MOVS             r0,#0xe
  145 0000012C F7FF FFFE       BL               BSP_MMA8451_Read_Reg
  146 00000130 0885            LSRS             r5,r0,#2
  147 00000132 00AD            LSLS             r5,r5,#2
  148 00000134 4629            MOV              r1,r5
  149 00000136 200E            MOVS             r0,#0xe
  150 00000138 F7FF FFFE       BL               BSP_MMA8451_Write_Reg
  151 0000013C 200E            MOVS             r0,#0xe
  152 0000013E F7FF FFFE       BL               BSP_MMA8451_Read_Reg
  153 00000142 2101            MOVS             r1,#1
  154 00000144 4308            ORRS             r0,r0,r1
  155 00000146 4605            MOV              r5,r0



ARM Macro Assembler    Page 4 


  156 00000148 4629            MOV              r1,r5
  157 0000014A 200E            MOVS             r0,#0xe
  158 0000014C F7FF FFFE       BL               BSP_MMA8451_Write_Reg
  159 00000150 E012            B                |L0.376|
  160 00000152         |L0.338|
  161 00000152 200E            MOVS             r0,#0xe
  162 00000154 F7FF FFFE       BL               BSP_MMA8451_Read_Reg
  163 00000158 0885            LSRS             r5,r0,#2
  164 0000015A 00AD            LSLS             r5,r5,#2
  165 0000015C 4629            MOV              r1,r5
  166 0000015E 200E            MOVS             r0,#0xe
  167 00000160 F7FF FFFE       BL               BSP_MMA8451_Write_Reg
  168 00000164 200E            MOVS             r0,#0xe
  169 00000166 F7FF FFFE       BL               BSP_MMA8451_Read_Reg
  170 0000016A 2102            MOVS             r1,#2
  171 0000016C 4308            ORRS             r0,r0,r1
  172 0000016E 4605            MOV              r5,r0
  173 00000170 4629            MOV              r1,r5
  174 00000172 200E            MOVS             r0,#0xe
  175 00000174 F7FF FFFE       BL               BSP_MMA8451_Write_Reg
  176 00000178         |L0.376|
  177 00000178 202A            MOVS             r0,#0x2a
  178 0000017A F7FF FFFE       BL               BSP_MMA8451_Read_Reg
  179 0000017E 2101            MOVS             r1,#1
  180 00000180 4308            ORRS             r0,r0,r1
  181 00000182 4605            MOV              r5,r0
  182 00000184 4629            MOV              r1,r5
  183 00000186 202A            MOVS             r0,#0x2a
  184 00000188 F7FF FFFE       BL               BSP_MMA8451_Write_Reg
  185 0000018C BD70            POP              {r4-r6,pc}
  186 0000018E                 ENDP
  187 0000018E         
  188 0000018E         accel_read
                               PROC
  189 0000018E B510            PUSH             {r4,lr}
  190 00000190 2000            MOVS             r0,#0
  191 00000192 F7FF FFFE       BL               BSP_MMA8451_Read_Reg
  192 00000196 0700            LSLS             r0,r0,#28
  193 00000198 0F00            LSRS             r0,r0,#28
  194 0000019A 2800            CMP              r0,#0
  195 0000019C D07D            BEQ              |L0.666|
  196 0000019E 2001            MOVS             r0,#1
  197 000001A0 F7FF FFFE       BL               BSP_MMA8451_Read_Reg
  198 000001A4 0200            LSLS             r0,r0,#8
  199 000001A6 B200            SXTH             r0,r0
  200 000001A8 49A0            LDR              r1,|L0.1068|
  201 000001AA 8008            STRH             r0,[r1,#0]
  202 000001AC 2002            MOVS             r0,#2
  203 000001AE F7FF FFFE       BL               BSP_MMA8451_Read_Reg
  204 000001B2 499E            LDR              r1,|L0.1068|
  205 000001B4 2200            MOVS             r2,#0
  206 000001B6 5E8A            LDRSH            r2,[r1,r2]  ; accel_x
  207 000001B8 4310            ORRS             r0,r0,r2
  208 000001BA 8008            STRH             r0,[r1,#0]
  209 000001BC 4608            MOV              r0,r1
  210 000001BE 2100            MOVS             r1,#0
  211 000001C0 5E41            LDRSH            r1,[r0,r1]  ; accel_x
  212 000001C2 1088            ASRS             r0,r1,#2
  213 000001C4 4999            LDR              r1,|L0.1068|



ARM Macro Assembler    Page 5 


  214 000001C6 8008            STRH             r0,[r1,#0]
  215 000001C8 2003            MOVS             r0,#3
  216 000001CA F7FF FFFE       BL               BSP_MMA8451_Read_Reg
  217 000001CE 0200            LSLS             r0,r0,#8
  218 000001D0 B200            SXTH             r0,r0
  219 000001D2 4997            LDR              r1,|L0.1072|
  220 000001D4 8008            STRH             r0,[r1,#0]
  221 000001D6 2004            MOVS             r0,#4
  222 000001D8 F7FF FFFE       BL               BSP_MMA8451_Read_Reg
  223 000001DC 4994            LDR              r1,|L0.1072|
  224 000001DE 2200            MOVS             r2,#0
  225 000001E0 5E8A            LDRSH            r2,[r1,r2]  ; accel_y
  226 000001E2 4310            ORRS             r0,r0,r2
  227 000001E4 8008            STRH             r0,[r1,#0]
  228 000001E6 4608            MOV              r0,r1
  229 000001E8 2100            MOVS             r1,#0
  230 000001EA 5E41            LDRSH            r1,[r0,r1]  ; accel_y
  231 000001EC 1088            ASRS             r0,r1,#2
  232 000001EE 4990            LDR              r1,|L0.1072|
  233 000001F0 8008            STRH             r0,[r1,#0]
  234 000001F2 2005            MOVS             r0,#5
  235 000001F4 F7FF FFFE       BL               BSP_MMA8451_Read_Reg
  236 000001F8 0200            LSLS             r0,r0,#8
  237 000001FA B200            SXTH             r0,r0
  238 000001FC 498D            LDR              r1,|L0.1076|
  239 000001FE 8008            STRH             r0,[r1,#0]
  240 00000200 2006            MOVS             r0,#6
  241 00000202 F7FF FFFE       BL               BSP_MMA8451_Read_Reg
  242 00000206 498B            LDR              r1,|L0.1076|
  243 00000208 2200            MOVS             r2,#0
  244 0000020A 5E8A            LDRSH            r2,[r1,r2]  ; accel_z
  245 0000020C 4310            ORRS             r0,r0,r2
  246 0000020E 8008            STRH             r0,[r1,#0]
  247 00000210 4608            MOV              r0,r1
  248 00000212 2100            MOVS             r1,#0
  249 00000214 5E41            LDRSH            r1,[r0,r1]  ; accel_z
  250 00000216 1088            ASRS             r0,r1,#2
  251 00000218 4986            LDR              r1,|L0.1076|
  252 0000021A 8008            STRH             r0,[r1,#0]
  253 0000021C 2001            MOVS             r0,#1
  254 0000021E F7FF FFFE       BL               BSP_MMA8451_Read_Reg
  255 00000222 0200            LSLS             r0,r0,#8
  256 00000224 B200            SXTH             r0,r0
  257 00000226 4984            LDR              r1,|L0.1080|
  258 00000228 8008            STRH             r0,[r1,#0]
  259 0000022A 2002            MOVS             r0,#2
  260 0000022C F7FF FFFE       BL               BSP_MMA8451_Read_Reg
  261 00000230 4981            LDR              r1,|L0.1080|
  262 00000232 2200            MOVS             r2,#0
  263 00000234 5E8A            LDRSH            r2,[r1,r2]  ; Aresultx
  264 00000236 4310            ORRS             r0,r0,r2
  265 00000238 8008            STRH             r0,[r1,#0]
  266 0000023A 4608            MOV              r0,r1
  267 0000023C 2100            MOVS             r1,#0
  268 0000023E 5E41            LDRSH            r1,[r0,r1]  ; Aresultx
  269 00000240 1208            ASRS             r0,r1,#8
  270 00000242 497D            LDR              r1,|L0.1080|
  271 00000244 8008            STRH             r0,[r1,#0]
  272 00000246 2003            MOVS             r0,#3



ARM Macro Assembler    Page 6 


  273 00000248 F7FF FFFE       BL               BSP_MMA8451_Read_Reg
  274 0000024C 0200            LSLS             r0,r0,#8
  275 0000024E B200            SXTH             r0,r0
  276 00000250 497A            LDR              r1,|L0.1084|
  277 00000252 8008            STRH             r0,[r1,#0]
  278 00000254 2004            MOVS             r0,#4
  279 00000256 F7FF FFFE       BL               BSP_MMA8451_Read_Reg
  280 0000025A 4978            LDR              r1,|L0.1084|
  281 0000025C 2200            MOVS             r2,#0
  282 0000025E 5E8A            LDRSH            r2,[r1,r2]  ; Aresulty
  283 00000260 4310            ORRS             r0,r0,r2
  284 00000262 8008            STRH             r0,[r1,#0]
  285 00000264 4608            MOV              r0,r1
  286 00000266 2100            MOVS             r1,#0
  287 00000268 5E41            LDRSH            r1,[r0,r1]  ; Aresulty
  288 0000026A 1208            ASRS             r0,r1,#8
  289 0000026C 4973            LDR              r1,|L0.1084|
  290 0000026E 8008            STRH             r0,[r1,#0]
  291 00000270 2005            MOVS             r0,#5
  292 00000272 F7FF FFFE       BL               BSP_MMA8451_Read_Reg
  293 00000276 0200            LSLS             r0,r0,#8
  294 00000278 B200            SXTH             r0,r0
  295 0000027A 4971            LDR              r1,|L0.1088|
  296 0000027C 8008            STRH             r0,[r1,#0]
  297 0000027E 2006            MOVS             r0,#6
  298 00000280 F7FF FFFE       BL               BSP_MMA8451_Read_Reg
  299 00000284 496E            LDR              r1,|L0.1088|
  300 00000286 2200            MOVS             r2,#0
  301 00000288 5E8A            LDRSH            r2,[r1,r2]  ; Aresultz
  302 0000028A 4310            ORRS             r0,r0,r2
  303 0000028C 8008            STRH             r0,[r1,#0]
  304 0000028E 4608            MOV              r0,r1
  305 00000290 2100            MOVS             r1,#0
  306 00000292 5E41            LDRSH            r1,[r0,r1]  ; Aresultz
  307 00000294 1208            ASRS             r0,r1,#8
  308 00000296 496A            LDR              r1,|L0.1088|
  309 00000298 8008            STRH             r0,[r1,#0]
  310 0000029A         |L0.666|
  311 0000029A BD10            POP              {r4,pc}
  312 0000029C                 ENDP
  313 0000029C         
  314 0000029C         accel_test
                               PROC
  315 0000029C B510            PUSH             {r4,lr}
  316 0000029E F7FF FFFE       BL               accel_read
  317 000002A2 4865            LDR              r0,|L0.1080|
  318 000002A4 2100            MOVS             r1,#0
  319 000002A6 5E41            LDRSH            r1,[r0,r1]  ; Aresultx
  320 000002A8 4866            LDR              r0,|L0.1092|
  321 000002AA 6001            STR              r1,[r0,#0]  ; Atestx
  322 000002AC 4963            LDR              r1,|L0.1084|
  323 000002AE 2000            MOVS             r0,#0
  324 000002B0 5E08            LDRSH            r0,[r1,r0]  ; Aresulty
  325 000002B2 4965            LDR              r1,|L0.1096|
  326 000002B4 6008            STR              r0,[r1,#0]  ; Atesty
  327 000002B6 4962            LDR              r1,|L0.1088|
  328 000002B8 2000            MOVS             r0,#0
  329 000002BA 5E08            LDRSH            r0,[r1,r0]  ; Aresultz
  330 000002BC 4963            LDR              r1,|L0.1100|



ARM Macro Assembler    Page 7 


  331 000002BE 6008            STR              r0,[r1,#0]  ; Atestz
  332 000002C0 A063            ADR              r0,|L0.1104|
  333 000002C2 F7FF FFFE       BL               __2printf
  334 000002C6 485F            LDR              r0,|L0.1092|
  335 000002C8 6801            LDR              r1,[r0,#0]  ; Atestx
  336 000002CA A067            ADR              r0,|L0.1128|
  337 000002CC F7FF FFFE       BL               __2printf
  338 000002D0 485D            LDR              r0,|L0.1096|
  339 000002D2 6801            LDR              r1,[r0,#0]  ; Atesty
  340 000002D4 A067            ADR              r0,|L0.1140|
  341 000002D6 F7FF FFFE       BL               __2printf
  342 000002DA 485C            LDR              r0,|L0.1100|
  343 000002DC 6801            LDR              r1,[r0,#0]  ; Atestz
  344 000002DE A068            ADR              r0,|L0.1152|
  345 000002E0 F7FF FFFE       BL               __2printf
  346 000002E4 BD10            POP              {r4,pc}
  347 000002E6                 ENDP
  348 000002E6         
  349 000002E6         iAcclReadX
                               PROC
  350 000002E6 B510            PUSH             {r4,lr}
  351 000002E8 2000            MOVS             r0,#0
  352 000002EA F7FF FFFE       BL               BSP_MMA8451_Read_Reg
  353 000002EE 0700            LSLS             r0,r0,#28
  354 000002F0 0F00            LSRS             r0,r0,#28
  355 000002F2 2800            CMP              r0,#0
  356 000002F4 D029            BEQ              |L0.842|
  357 000002F6 2001            MOVS             r0,#1
  358 000002F8 F7FF FFFE       BL               BSP_MMA8451_Read_Reg
  359 000002FC 0200            LSLS             r0,r0,#8
  360 000002FE B200            SXTH             r0,r0
  361 00000300 494A            LDR              r1,|L0.1068|
  362 00000302 8008            STRH             r0,[r1,#0]
  363 00000304 2002            MOVS             r0,#2
  364 00000306 F7FF FFFE       BL               BSP_MMA8451_Read_Reg
  365 0000030A 4948            LDR              r1,|L0.1068|
  366 0000030C 2200            MOVS             r2,#0
  367 0000030E 5E8A            LDRSH            r2,[r1,r2]  ; accel_x
  368 00000310 4310            ORRS             r0,r0,r2
  369 00000312 8008            STRH             r0,[r1,#0]
  370 00000314 4608            MOV              r0,r1
  371 00000316 2100            MOVS             r1,#0
  372 00000318 5E41            LDRSH            r1,[r0,r1]  ; accel_x
  373 0000031A 1088            ASRS             r0,r1,#2
  374 0000031C 4943            LDR              r1,|L0.1068|
  375 0000031E 8008            STRH             r0,[r1,#0]
  376 00000320 2001            MOVS             r0,#1
  377 00000322 F7FF FFFE       BL               BSP_MMA8451_Read_Reg
  378 00000326 0200            LSLS             r0,r0,#8
  379 00000328 B200            SXTH             r0,r0
  380 0000032A 4943            LDR              r1,|L0.1080|
  381 0000032C 8008            STRH             r0,[r1,#0]
  382 0000032E 2002            MOVS             r0,#2
  383 00000330 F7FF FFFE       BL               BSP_MMA8451_Read_Reg
  384 00000334 4940            LDR              r1,|L0.1080|
  385 00000336 2200            MOVS             r2,#0
  386 00000338 5E8A            LDRSH            r2,[r1,r2]  ; Aresultx
  387 0000033A 4310            ORRS             r0,r0,r2
  388 0000033C 8008            STRH             r0,[r1,#0]



ARM Macro Assembler    Page 8 


  389 0000033E 4608            MOV              r0,r1
  390 00000340 2100            MOVS             r1,#0
  391 00000342 5E41            LDRSH            r1,[r0,r1]  ; Aresultx
  392 00000344 1208            ASRS             r0,r1,#8
  393 00000346 493C            LDR              r1,|L0.1080|
  394 00000348 8008            STRH             r0,[r1,#0]
  395 0000034A         |L0.842|
  396 0000034A 493B            LDR              r1,|L0.1080|
  397 0000034C 2000            MOVS             r0,#0
  398 0000034E 5E08            LDRSH            r0,[r1,r0]  ; Aresultx
  399 00000350 BD10            POP              {r4,pc}
  400 00000352                 ENDP
  401 00000352         
  402 00000352         iAcclReadY
                               PROC
  403 00000352 B510            PUSH             {r4,lr}
  404 00000354 2000            MOVS             r0,#0
  405 00000356 F7FF FFFE       BL               BSP_MMA8451_Read_Reg
  406 0000035A 0700            LSLS             r0,r0,#28
  407 0000035C 0F00            LSRS             r0,r0,#28
  408 0000035E 2800            CMP              r0,#0
  409 00000360 D029            BEQ              |L0.950|
  410 00000362 2003            MOVS             r0,#3
  411 00000364 F7FF FFFE       BL               BSP_MMA8451_Read_Reg
  412 00000368 0200            LSLS             r0,r0,#8
  413 0000036A B200            SXTH             r0,r0
  414 0000036C 4930            LDR              r1,|L0.1072|
  415 0000036E 8008            STRH             r0,[r1,#0]
  416 00000370 2004            MOVS             r0,#4
  417 00000372 F7FF FFFE       BL               BSP_MMA8451_Read_Reg
  418 00000376 492E            LDR              r1,|L0.1072|
  419 00000378 2200            MOVS             r2,#0
  420 0000037A 5E8A            LDRSH            r2,[r1,r2]  ; accel_y
  421 0000037C 4310            ORRS             r0,r0,r2
  422 0000037E 8008            STRH             r0,[r1,#0]
  423 00000380 4608            MOV              r0,r1
  424 00000382 2100            MOVS             r1,#0
  425 00000384 5E41            LDRSH            r1,[r0,r1]  ; accel_y
  426 00000386 1088            ASRS             r0,r1,#2
  427 00000388 4929            LDR              r1,|L0.1072|
  428 0000038A 8008            STRH             r0,[r1,#0]
  429 0000038C 2003            MOVS             r0,#3
  430 0000038E F7FF FFFE       BL               BSP_MMA8451_Read_Reg
  431 00000392 0200            LSLS             r0,r0,#8
  432 00000394 B200            SXTH             r0,r0
  433 00000396 4929            LDR              r1,|L0.1084|
  434 00000398 8008            STRH             r0,[r1,#0]
  435 0000039A 2004            MOVS             r0,#4
  436 0000039C F7FF FFFE       BL               BSP_MMA8451_Read_Reg
  437 000003A0 4926            LDR              r1,|L0.1084|
  438 000003A2 2200            MOVS             r2,#0
  439 000003A4 5E8A            LDRSH            r2,[r1,r2]  ; Aresulty
  440 000003A6 4310            ORRS             r0,r0,r2
  441 000003A8 8008            STRH             r0,[r1,#0]
  442 000003AA 4608            MOV              r0,r1
  443 000003AC 2100            MOVS             r1,#0
  444 000003AE 5E41            LDRSH            r1,[r0,r1]  ; Aresulty
  445 000003B0 1208            ASRS             r0,r1,#8
  446 000003B2 4922            LDR              r1,|L0.1084|



ARM Macro Assembler    Page 9 


  447 000003B4 8008            STRH             r0,[r1,#0]
  448 000003B6         |L0.950|
  449 000003B6 4921            LDR              r1,|L0.1084|
  450 000003B8 2000            MOVS             r0,#0
  451 000003BA 5E08            LDRSH            r0,[r1,r0]  ; Aresulty
  452 000003BC BD10            POP              {r4,pc}
  453 000003BE                 ENDP
  454 000003BE         
  455 000003BE         iAcclReadZ
                               PROC
  456 000003BE B510            PUSH             {r4,lr}
  457 000003C0 2000            MOVS             r0,#0
  458 000003C2 F7FF FFFE       BL               BSP_MMA8451_Read_Reg
  459 000003C6 0700            LSLS             r0,r0,#28
  460 000003C8 0F00            LSRS             r0,r0,#28
  461 000003CA 2800            CMP              r0,#0
  462 000003CC D029            BEQ              |L0.1058|
  463 000003CE 2005            MOVS             r0,#5
  464 000003D0 F7FF FFFE       BL               BSP_MMA8451_Read_Reg
  465 000003D4 0200            LSLS             r0,r0,#8
  466 000003D6 B200            SXTH             r0,r0
  467 000003D8 4916            LDR              r1,|L0.1076|
  468 000003DA 8008            STRH             r0,[r1,#0]
  469 000003DC 2006            MOVS             r0,#6
  470 000003DE F7FF FFFE       BL               BSP_MMA8451_Read_Reg
  471 000003E2 4914            LDR              r1,|L0.1076|
  472 000003E4 2200            MOVS             r2,#0
  473 000003E6 5E8A            LDRSH            r2,[r1,r2]  ; accel_z
  474 000003E8 4310            ORRS             r0,r0,r2
  475 000003EA 8008            STRH             r0,[r1,#0]
  476 000003EC 4608            MOV              r0,r1
  477 000003EE 2100            MOVS             r1,#0
  478 000003F0 5E41            LDRSH            r1,[r0,r1]  ; accel_z
  479 000003F2 1088            ASRS             r0,r1,#2
  480 000003F4 490F            LDR              r1,|L0.1076|
  481 000003F6 8008            STRH             r0,[r1,#0]
  482 000003F8 2005            MOVS             r0,#5
  483 000003FA F7FF FFFE       BL               BSP_MMA8451_Read_Reg
  484 000003FE 0200            LSLS             r0,r0,#8
  485 00000400 B200            SXTH             r0,r0
  486 00000402 490F            LDR              r1,|L0.1088|
  487 00000404 8008            STRH             r0,[r1,#0]
  488 00000406 2006            MOVS             r0,#6
  489 00000408 F7FF FFFE       BL               BSP_MMA8451_Read_Reg
  490 0000040C 490C            LDR              r1,|L0.1088|
  491 0000040E 2200            MOVS             r2,#0
  492 00000410 5E8A            LDRSH            r2,[r1,r2]  ; Aresultz
  493 00000412 4310            ORRS             r0,r0,r2
  494 00000414 8008            STRH             r0,[r1,#0]
  495 00000416 4608            MOV              r0,r1
  496 00000418 2100            MOVS             r1,#0
  497 0000041A 5E41            LDRSH            r1,[r0,r1]  ; Aresultz
  498 0000041C 1208            ASRS             r0,r1,#8
  499 0000041E 4908            LDR              r1,|L0.1088|
  500 00000420 8008            STRH             r0,[r1,#0]
  501 00000422         |L0.1058|
  502 00000422 4907            LDR              r1,|L0.1088|
  503 00000424 2000            MOVS             r0,#0
  504 00000426 5E08            LDRSH            r0,[r1,r0]  ; Aresultz



ARM Macro Assembler    Page 10 


  505 00000428 BD10            POP              {r4,pc}
  506 0000042A                 ENDP
  507 0000042A         
  508 0000042A 00 00           DCW              0x0000
  509 0000042C         |L0.1068|
  510 0000042C 00000000        DCD              accel_x
  511 00000430         |L0.1072|
  512 00000430 00000000        DCD              accel_y
  513 00000434         |L0.1076|
  514 00000434 00000000        DCD              accel_z
  515 00000438         |L0.1080|
  516 00000438 00000000        DCD              Aresultx
  517 0000043C         |L0.1084|
  518 0000043C 00000000        DCD              Aresulty
  519 00000440         |L0.1088|
  520 00000440 00000000        DCD              Aresultz
  521 00000444         |L0.1092|
  522 00000444 00000000        DCD              Atestx
  523 00000448         |L0.1096|
  524 00000448 00000000        DCD              Atesty
  525 0000044C         |L0.1100|
  526 0000044C 00000000        DCD              Atestz
  527 00000450         |L0.1104|
  528 00000450 0A 0D 20 
              41 63 65 
              6C 65 72 
              6F 6D 65 
              74 65 72 
              20 56 61 
              6C 75 65 
              73 00            DCB              "\n\r Acelerometer Values",0
  529 00000467 00              DCB              0
  530 00000468         |L0.1128|
  531 00000468 0A 0D 78 
              20 3D 20 
              25 64 20 
              09 00            DCB              "\n\rx = %d \t",0
  532 00000473 00              DCB              0
  533 00000474         |L0.1140|
  534 00000474 79 20 3D 
              20 25 64 
              20 09 00         DCB              "y = %d \t",0
  535 0000047D 00              DCB              0
  536 0000047E 00              DCB              0
  537 0000047F 00              DCB              0
  538 00000480         |L0.1152|
  539 00000480 7A 20 3D 
              20 25 64 
              20 0A 0D 
              00               DCB              "z = %d \n\r",0
  540 0000048A 00              DCB              0
  541 0000048B 00              DCB              0
  542 0000048C         
  543 0000048C                 AREA             ||.arm_vfe_header||, DATA, READ
ONLY, NOALLOC, ALIGN=2
  544 00000000         
  545 00000000 00000000        DCD              0x00000000
  546 00000004         
  547 00000004                 AREA             ||.data||, DATA, ALIGN=2



ARM Macro Assembler    Page 11 


  548 00000000         
  549 00000000         accel_x
  550 00000000 00 00           DCB              0x00,0x00
  551 00000002         accel_y
  552 00000002 00 00           DCB              0x00,0x00
  553 00000004         accel_z
  554 00000004 00 00           DCB              0x00,0x00
  555 00000006         Aresultx
  556 00000006 00 00           DCB              0x00,0x00
  557 00000008         Aresulty
  558 00000008 00 00           DCB              0x00,0x00
  559 0000000A         Aresultz
  560 0000000A 00 00           DCB              0x00,0x00
  561 0000000C         aux1
  562 0000000C 00 00 00 
              00               DCB              0x00,0x00,0x00,0x00
  563 00000010         Atestx
  564 00000010 00000000        DCD              0x00000000
  565 00000014         Atesty
  566 00000014 00000000        DCD              0x00000000
  567 00000018         Atestz
  568 00000018 00000000        DCD              0x00000000
  569 0000001C         
  570 0000001C                 EXPORT           BSP_MMA8451_Write_Reg [CODE]
  571 0000001C                 EXPORT           BSP_MMA8451_Read_Reg [CODE]
  572 0000001C                 EXPORT           BSP_MMA8451_Init [CODE]
  573 0000001C                 EXPORT           mma8451_active [CODE]
  574 0000001C                 EXPORT           accel_read [CODE]
  575 0000001C                 EXPORT           accel_test [CODE]
  576 0000001C                 EXPORT           iAcclReadX [CODE]
  577 0000001C                 EXPORT           iAcclReadY [CODE]
  578 0000001C                 EXPORT           iAcclReadZ [CODE]
  579 0000001C                 EXPORT           accel_x [DATA,SIZE=2]
  580 0000001C                 EXPORT           accel_y [DATA,SIZE=2]
  581 0000001C                 EXPORT           accel_z [DATA,SIZE=2]
  582 0000001C                 EXPORT           Aresultx [DATA,SIZE=2]
  583 0000001C                 EXPORT           Aresulty [DATA,SIZE=2]
  584 0000001C                 EXPORT           Aresultz [DATA,SIZE=2]
  585 0000001C                 EXPORT           aux1 [DATA,SIZE=1]
  586 0000001C                 EXPORT           Atestx [DATA,SIZE=4]
  587 0000001C                 EXPORT           Atesty [DATA,SIZE=4]
  588 0000001C                 EXPORT           Atestz [DATA,SIZE=4]
  589 0000001C         
  590 0000001C                 IMPORT           ||Lib$$Request$$armlib|| [CODE,
WEAK]
  591 0000001C                 IMPORT           BSP_I2C_Start [CODE]
  592 0000001C                 IMPORT           BSP_I2C_Write_Byte [CODE]
  593 0000001C                 IMPORT           BSP_I2C_Wait [CODE]
  594 0000001C                 IMPORT           BSP_I2C_Get_Ack [CODE]
  595 0000001C                 IMPORT           BSP_I2C_Stop [CODE]
  596 0000001C                 IMPORT           BSP_I2C_Repeated_Start [CODE]
  597 0000001C                 IMPORT           BSP_I2C_Set_RX_Mode [CODE]
  598 0000001C                 IMPORT           BSP_I2C_Give_Nack [CODE]
  599 0000001C                 IMPORT           BSP_I2C_Read_Byte [CODE]
  600 0000001C                 IMPORT           BSP_I2C_Init [CODE]
  601 0000001C                 IMPORT           __2printf [CODE]
  602 0000001C                 IMPORT           _printf_percent [CODE]
  603 0000001C                 IMPORT           _printf_d [CODE]
  604 0000001C                 IMPORT           _printf_int_dec [CODE]



ARM Macro Assembler    Page 12 


  605 0000001C         
  606 0000001C                 KEEP             pause
  607 0000001C         
  608 0000001C                 ATTR             FILESCOPE
  609 0000001C                 ATTR             SETVALUE Tag_ABI_PCS_wchar_t,2
  610 0000001C                 ATTR             SETVALUE Tag_ABI_enum_size,1
  611 0000001C                 ATTR             SETVALUE Tag_ABI_optimization_g
oals,6
  612 0000001C                 ATTR             SETSTRING Tag_conformance,"2.06
"
  613 0000001C                 ATTR             SETVALUE AV,18,1
  614 0000001C         
  615 0000001C                 ASSERT           {ENDIAN} = "little"
  616 0000001C                 ASSERT           {INTER} = {TRUE}
  617 0000001C                 ASSERT           {ROPI} = {FALSE}
  618 0000001C                 ASSERT           {RWPI} = {FALSE}
  619 0000001C                 ASSERT           {IEEE_FULL} = {FALSE}
  620 0000001C                 ASSERT           {IEEE_PART} = {FALSE}
  621 0000001C                 ASSERT           {IEEE_JAVA} = {FALSE}
  622 0000001C                 END
Command Line: --debug --xref --cpreproc --diag_suppress=9931 --cpu=Cortex-M0+ -
-apcs=interwork -o.\output\bsp_mma8451q.o -I.. -I"C:\Users\Administrator\Deskto
p\learning_20151113\KL46_StepCounter\Micrium_FRDM-KL46Z_OS3\Micrium\Examples\Fr
eescale\FRDM-KL46Z\OS3\Keil MDK\RTE" -ID:\Keil_v5\ARM\PACK\Keil\Kinetis_KLxx_DF
P\1.8.0\Device\Include -ID:\Keil_v5\ARM\CMSIS\Include --predefine="__UVISION_VE
RSION SETA 515" --predefine="MKL46Z256xxx4 SETA 1" --list=.\bsp_mma8451q.lst .\
output\bsp_mma8451q.s



ARM Macro Assembler    Page 1 Alphabetic symbol ordering
Relocatable symbols

BSP_MMA8451_Init 000000E0

Symbol: BSP_MMA8451_Init
   Definitions
      At line 105 in file .\\output\\bsp_mma8451q.s
   Uses
      At line 572 in file .\\output\\bsp_mma8451q.s
Comment: BSP_MMA8451_Init used once
BSP_MMA8451_Read_Reg 00000064

Symbol: BSP_MMA8451_Read_Reg
   Definitions
      At line 58 in file .\\output\\bsp_mma8451q.s
   Uses
      At line 110 in file .\\output\\bsp_mma8451q.s
      At line 134 in file .\\output\\bsp_mma8451q.s
      At line 145 in file .\\output\\bsp_mma8451q.s
      At line 152 in file .\\output\\bsp_mma8451q.s
      At line 162 in file .\\output\\bsp_mma8451q.s
      At line 169 in file .\\output\\bsp_mma8451q.s
      At line 178 in file .\\output\\bsp_mma8451q.s
      At line 191 in file .\\output\\bsp_mma8451q.s
      At line 197 in file .\\output\\bsp_mma8451q.s
      At line 203 in file .\\output\\bsp_mma8451q.s
      At line 216 in file .\\output\\bsp_mma8451q.s
      At line 222 in file .\\output\\bsp_mma8451q.s
      At line 235 in file .\\output\\bsp_mma8451q.s
      At line 241 in file .\\output\\bsp_mma8451q.s
      At line 254 in file .\\output\\bsp_mma8451q.s
      At line 260 in file .\\output\\bsp_mma8451q.s
      At line 273 in file .\\output\\bsp_mma8451q.s
      At line 279 in file .\\output\\bsp_mma8451q.s
      At line 292 in file .\\output\\bsp_mma8451q.s
      At line 298 in file .\\output\\bsp_mma8451q.s
      At line 352 in file .\\output\\bsp_mma8451q.s
      At line 358 in file .\\output\\bsp_mma8451q.s
      At line 364 in file .\\output\\bsp_mma8451q.s
      At line 377 in file .\\output\\bsp_mma8451q.s
      At line 383 in file .\\output\\bsp_mma8451q.s
      At line 405 in file .\\output\\bsp_mma8451q.s
      At line 411 in file .\\output\\bsp_mma8451q.s
      At line 417 in file .\\output\\bsp_mma8451q.s
      At line 430 in file .\\output\\bsp_mma8451q.s
      At line 436 in file .\\output\\bsp_mma8451q.s
      At line 458 in file .\\output\\bsp_mma8451q.s
      At line 464 in file .\\output\\bsp_mma8451q.s
      At line 470 in file .\\output\\bsp_mma8451q.s
      At line 483 in file .\\output\\bsp_mma8451q.s
      At line 489 in file .\\output\\bsp_mma8451q.s
      At line 571 in file .\\output\\bsp_mma8451q.s

BSP_MMA8451_Write_Reg 00000010

Symbol: BSP_MMA8451_Write_Reg
   Definitions
      At line 25 in file .\\output\\bsp_mma8451q.s
   Uses
      At line 115 in file .\\output\\bsp_mma8451q.s
      At line 139 in file .\\output\\bsp_mma8451q.s



ARM Macro Assembler    Page 2 Alphabetic symbol ordering
Relocatable symbols

      At line 150 in file .\\output\\bsp_mma8451q.s
      At line 158 in file .\\output\\bsp_mma8451q.s
      At line 167 in file .\\output\\bsp_mma8451q.s
      At line 175 in file .\\output\\bsp_mma8451q.s
      At line 184 in file .\\output\\bsp_mma8451q.s
      At line 570 in file .\\output\\bsp_mma8451q.s

L0.10 0000000A

Symbol: L0.10
   Definitions
      At line 19 in file .\\output\\bsp_mma8451q.s
   Uses
      At line 14 in file .\\output\\bsp_mma8451q.s
Comment: L0.10 used once
L0.1058 00000422

Symbol: L0.1058
   Definitions
      At line 501 in file .\\output\\bsp_mma8451q.s
   Uses
      At line 462 in file .\\output\\bsp_mma8451q.s
Comment: L0.1058 used once
L0.1068 0000042C

Symbol: L0.1068
   Definitions
      At line 509 in file .\\output\\bsp_mma8451q.s
   Uses
      At line 200 in file .\\output\\bsp_mma8451q.s
      At line 204 in file .\\output\\bsp_mma8451q.s
      At line 213 in file .\\output\\bsp_mma8451q.s
      At line 361 in file .\\output\\bsp_mma8451q.s
      At line 365 in file .\\output\\bsp_mma8451q.s
      At line 374 in file .\\output\\bsp_mma8451q.s

L0.1072 00000430

Symbol: L0.1072
   Definitions
      At line 511 in file .\\output\\bsp_mma8451q.s
   Uses
      At line 219 in file .\\output\\bsp_mma8451q.s
      At line 223 in file .\\output\\bsp_mma8451q.s
      At line 232 in file .\\output\\bsp_mma8451q.s
      At line 414 in file .\\output\\bsp_mma8451q.s
      At line 418 in file .\\output\\bsp_mma8451q.s
      At line 427 in file .\\output\\bsp_mma8451q.s

L0.1076 00000434

Symbol: L0.1076
   Definitions
      At line 513 in file .\\output\\bsp_mma8451q.s
   Uses
      At line 238 in file .\\output\\bsp_mma8451q.s
      At line 242 in file .\\output\\bsp_mma8451q.s
      At line 251 in file .\\output\\bsp_mma8451q.s
      At line 467 in file .\\output\\bsp_mma8451q.s



ARM Macro Assembler    Page 3 Alphabetic symbol ordering
Relocatable symbols

      At line 471 in file .\\output\\bsp_mma8451q.s
      At line 480 in file .\\output\\bsp_mma8451q.s

L0.1080 00000438

Symbol: L0.1080
   Definitions
      At line 515 in file .\\output\\bsp_mma8451q.s
   Uses
      At line 257 in file .\\output\\bsp_mma8451q.s
      At line 261 in file .\\output\\bsp_mma8451q.s
      At line 270 in file .\\output\\bsp_mma8451q.s
      At line 317 in file .\\output\\bsp_mma8451q.s
      At line 380 in file .\\output\\bsp_mma8451q.s
      At line 384 in file .\\output\\bsp_mma8451q.s
      At line 393 in file .\\output\\bsp_mma8451q.s
      At line 396 in file .\\output\\bsp_mma8451q.s

L0.1084 0000043C

Symbol: L0.1084
   Definitions
      At line 517 in file .\\output\\bsp_mma8451q.s
   Uses
      At line 276 in file .\\output\\bsp_mma8451q.s
      At line 280 in file .\\output\\bsp_mma8451q.s
      At line 289 in file .\\output\\bsp_mma8451q.s
      At line 322 in file .\\output\\bsp_mma8451q.s
      At line 433 in file .\\output\\bsp_mma8451q.s
      At line 437 in file .\\output\\bsp_mma8451q.s
      At line 446 in file .\\output\\bsp_mma8451q.s
      At line 449 in file .\\output\\bsp_mma8451q.s

L0.1088 00000440

Symbol: L0.1088
   Definitions
      At line 519 in file .\\output\\bsp_mma8451q.s
   Uses
      At line 295 in file .\\output\\bsp_mma8451q.s
      At line 299 in file .\\output\\bsp_mma8451q.s
      At line 308 in file .\\output\\bsp_mma8451q.s
      At line 327 in file .\\output\\bsp_mma8451q.s
      At line 486 in file .\\output\\bsp_mma8451q.s
      At line 490 in file .\\output\\bsp_mma8451q.s
      At line 499 in file .\\output\\bsp_mma8451q.s
      At line 502 in file .\\output\\bsp_mma8451q.s

L0.1092 00000444

Symbol: L0.1092
   Definitions
      At line 521 in file .\\output\\bsp_mma8451q.s
   Uses
      At line 320 in file .\\output\\bsp_mma8451q.s
      At line 334 in file .\\output\\bsp_mma8451q.s

L0.1096 00000448




ARM Macro Assembler    Page 4 Alphabetic symbol ordering
Relocatable symbols

Symbol: L0.1096
   Definitions
      At line 523 in file .\\output\\bsp_mma8451q.s
   Uses
      At line 325 in file .\\output\\bsp_mma8451q.s
      At line 338 in file .\\output\\bsp_mma8451q.s

L0.1100 0000044C

Symbol: L0.1100
   Definitions
      At line 525 in file .\\output\\bsp_mma8451q.s
   Uses
      At line 330 in file .\\output\\bsp_mma8451q.s
      At line 342 in file .\\output\\bsp_mma8451q.s

L0.1104 00000450

Symbol: L0.1104
   Definitions
      At line 527 in file .\\output\\bsp_mma8451q.s
   Uses
      At line 332 in file .\\output\\bsp_mma8451q.s
Comment: L0.1104 used once
L0.1128 00000468

Symbol: L0.1128
   Definitions
      At line 530 in file .\\output\\bsp_mma8451q.s
   Uses
      At line 336 in file .\\output\\bsp_mma8451q.s
Comment: L0.1128 used once
L0.1140 00000474

Symbol: L0.1140
   Definitions
      At line 533 in file .\\output\\bsp_mma8451q.s
   Uses
      At line 340 in file .\\output\\bsp_mma8451q.s
Comment: L0.1140 used once
L0.1152 00000480

Symbol: L0.1152
   Definitions
      At line 538 in file .\\output\\bsp_mma8451q.s
   Uses
      At line 344 in file .\\output\\bsp_mma8451q.s
Comment: L0.1152 used once
L0.268 0000010C

Symbol: L0.268
   Definitions
      At line 128 in file .\\output\\bsp_mma8451q.s
   Uses
      At line 123 in file .\\output\\bsp_mma8451q.s
      At line 125 in file .\\output\\bsp_mma8451q.s

L0.270 0000010E




ARM Macro Assembler    Page 5 Alphabetic symbol ordering
Relocatable symbols

Symbol: L0.270
   Definitions
      At line 130 in file .\\output\\bsp_mma8451q.s
   Uses
      At line 127 in file .\\output\\bsp_mma8451q.s
Comment: L0.270 used once
L0.294 00000126

Symbol: L0.294
   Definitions
      At line 141 in file .\\output\\bsp_mma8451q.s
   Uses
      At line 132 in file .\\output\\bsp_mma8451q.s
Comment: L0.294 used once
L0.338 00000152

Symbol: L0.338
   Definitions
      At line 160 in file .\\output\\bsp_mma8451q.s
   Uses
      At line 143 in file .\\output\\bsp_mma8451q.s
Comment: L0.338 used once
L0.376 00000178

Symbol: L0.376
   Definitions
      At line 176 in file .\\output\\bsp_mma8451q.s
   Uses
      At line 140 in file .\\output\\bsp_mma8451q.s
      At line 159 in file .\\output\\bsp_mma8451q.s

L0.4 00000004

Symbol: L0.4
   Definitions
      At line 15 in file .\\output\\bsp_mma8451q.s
   Uses
      At line 21 in file .\\output\\bsp_mma8451q.s
Comment: L0.4 used once
L0.666 0000029A

Symbol: L0.666
   Definitions
      At line 310 in file .\\output\\bsp_mma8451q.s
   Uses
      At line 195 in file .\\output\\bsp_mma8451q.s
Comment: L0.666 used once
L0.842 0000034A

Symbol: L0.842
   Definitions
      At line 395 in file .\\output\\bsp_mma8451q.s
   Uses
      At line 356 in file .\\output\\bsp_mma8451q.s
Comment: L0.842 used once
L0.950 000003B6

Symbol: L0.950
   Definitions



ARM Macro Assembler    Page 6 Alphabetic symbol ordering
Relocatable symbols

      At line 448 in file .\\output\\bsp_mma8451q.s
   Uses
      At line 409 in file .\\output\\bsp_mma8451q.s
Comment: L0.950 used once
accel_read 0000018E

Symbol: accel_read
   Definitions
      At line 188 in file .\\output\\bsp_mma8451q.s
   Uses
      At line 316 in file .\\output\\bsp_mma8451q.s
      At line 574 in file .\\output\\bsp_mma8451q.s

accel_test 0000029C

Symbol: accel_test
   Definitions
      At line 314 in file .\\output\\bsp_mma8451q.s
   Uses
      At line 575 in file .\\output\\bsp_mma8451q.s
Comment: accel_test used once
iAcclReadX 000002E6

Symbol: iAcclReadX
   Definitions
      At line 349 in file .\\output\\bsp_mma8451q.s
   Uses
      At line 576 in file .\\output\\bsp_mma8451q.s
Comment: iAcclReadX used once
iAcclReadY 00000352

Symbol: iAcclReadY
   Definitions
      At line 402 in file .\\output\\bsp_mma8451q.s
   Uses
      At line 577 in file .\\output\\bsp_mma8451q.s
Comment: iAcclReadY used once
iAcclReadZ 000003BE

Symbol: iAcclReadZ
   Definitions
      At line 455 in file .\\output\\bsp_mma8451q.s
   Uses
      At line 578 in file .\\output\\bsp_mma8451q.s
Comment: iAcclReadZ used once
mma8451_active 000000FC

Symbol: mma8451_active
   Definitions
      At line 119 in file .\\output\\bsp_mma8451q.s
   Uses
      At line 573 in file .\\output\\bsp_mma8451q.s
Comment: mma8451_active used once
pause 00000000

Symbol: pause
   Definitions
      At line 12 in file .\\output\\bsp_mma8451q.s
   Uses



ARM Macro Assembler    Page 7 Alphabetic symbol ordering
Relocatable symbols

      At line 54 in file .\\output\\bsp_mma8451q.s
      At line 100 in file .\\output\\bsp_mma8451q.s
      At line 606 in file .\\output\\bsp_mma8451q.s

|.text| 00000000

Symbol: |.text|
   Definitions
      At line 7 in file .\\output\\bsp_mma8451q.s
   Uses
      None
Comment: |.text| unused
35 symbols



ARM Macro Assembler    Page 1 Alphabetic symbol ordering
Relocatable symbols

|.arm_vfe_header| 00000000

Symbol: |.arm_vfe_header|
   Definitions
      At line 543 in file .\\output\\bsp_mma8451q.s
   Uses
      None
Comment: |.arm_vfe_header| unused
1 symbol



ARM Macro Assembler    Page 1 Alphabetic symbol ordering
Relocatable symbols

Aresultx 00000006

Symbol: Aresultx
   Definitions
      At line 555 in file .\\output\\bsp_mma8451q.s
   Uses
      At line 516 in file .\\output\\bsp_mma8451q.s
      At line 582 in file .\\output\\bsp_mma8451q.s

Aresulty 00000008

Symbol: Aresulty
   Definitions
      At line 557 in file .\\output\\bsp_mma8451q.s
   Uses
      At line 518 in file .\\output\\bsp_mma8451q.s
      At line 583 in file .\\output\\bsp_mma8451q.s

Aresultz 0000000A

Symbol: Aresultz
   Definitions
      At line 559 in file .\\output\\bsp_mma8451q.s
   Uses
      At line 520 in file .\\output\\bsp_mma8451q.s
      At line 584 in file .\\output\\bsp_mma8451q.s

Atestx 00000010

Symbol: Atestx
   Definitions
      At line 563 in file .\\output\\bsp_mma8451q.s
   Uses
      At line 522 in file .\\output\\bsp_mma8451q.s
      At line 586 in file .\\output\\bsp_mma8451q.s

Atesty 00000014

Symbol: Atesty
   Definitions
      At line 565 in file .\\output\\bsp_mma8451q.s
   Uses
      At line 524 in file .\\output\\bsp_mma8451q.s
      At line 587 in file .\\output\\bsp_mma8451q.s

Atestz 00000018

Symbol: Atestz
   Definitions
      At line 567 in file .\\output\\bsp_mma8451q.s
   Uses
      At line 526 in file .\\output\\bsp_mma8451q.s
      At line 588 in file .\\output\\bsp_mma8451q.s

accel_x 00000000

Symbol: accel_x
   Definitions
      At line 549 in file .\\output\\bsp_mma8451q.s



ARM Macro Assembler    Page 2 Alphabetic symbol ordering
Relocatable symbols

   Uses
      At line 510 in file .\\output\\bsp_mma8451q.s
      At line 579 in file .\\output\\bsp_mma8451q.s

accel_y 00000002

Symbol: accel_y
   Definitions
      At line 551 in file .\\output\\bsp_mma8451q.s
   Uses
      At line 512 in file .\\output\\bsp_mma8451q.s
      At line 580 in file .\\output\\bsp_mma8451q.s

accel_z 00000004

Symbol: accel_z
   Definitions
      At line 553 in file .\\output\\bsp_mma8451q.s
   Uses
      At line 514 in file .\\output\\bsp_mma8451q.s
      At line 581 in file .\\output\\bsp_mma8451q.s

aux1 0000000C

Symbol: aux1
   Definitions
      At line 561 in file .\\output\\bsp_mma8451q.s
   Uses
      At line 585 in file .\\output\\bsp_mma8451q.s
Comment: aux1 used once
|.data| 00000000

Symbol: |.data|
   Definitions
      At line 547 in file .\\output\\bsp_mma8451q.s
   Uses
      None
Comment: |.data| unused
11 symbols



ARM Macro Assembler    Page 1 Alphabetic symbol ordering
External symbols

BSP_I2C_Get_Ack 00000000

Symbol: BSP_I2C_Get_Ack
   Definitions
      At line 594 in file .\\output\\bsp_mma8451q.s
   Uses
      At line 37 in file .\\output\\bsp_mma8451q.s
      At line 44 in file .\\output\\bsp_mma8451q.s
      At line 51 in file .\\output\\bsp_mma8451q.s
      At line 69 in file .\\output\\bsp_mma8451q.s
      At line 76 in file .\\output\\bsp_mma8451q.s
      At line 85 in file .\\output\\bsp_mma8451q.s

BSP_I2C_Give_Nack 00000000

Symbol: BSP_I2C_Give_Nack
   Definitions
      At line 598 in file .\\output\\bsp_mma8451q.s
   Uses
      At line 89 in file .\\output\\bsp_mma8451q.s
Comment: BSP_I2C_Give_Nack used once
BSP_I2C_Init 00000000

Symbol: BSP_I2C_Init
   Definitions
      At line 600 in file .\\output\\bsp_mma8451q.s
   Uses
      At line 108 in file .\\output\\bsp_mma8451q.s
Comment: BSP_I2C_Init used once
BSP_I2C_Read_Byte 00000000

Symbol: BSP_I2C_Read_Byte
   Definitions
      At line 599 in file .\\output\\bsp_mma8451q.s
   Uses
      At line 91 in file .\\output\\bsp_mma8451q.s
      At line 98 in file .\\output\\bsp_mma8451q.s

BSP_I2C_Repeated_Start 00000000

Symbol: BSP_I2C_Repeated_Start
   Definitions
      At line 596 in file .\\output\\bsp_mma8451q.s
   Uses
      At line 78 in file .\\output\\bsp_mma8451q.s
Comment: BSP_I2C_Repeated_Start used once
BSP_I2C_Set_RX_Mode 00000000

Symbol: BSP_I2C_Set_RX_Mode
   Definitions
      At line 597 in file .\\output\\bsp_mma8451q.s
   Uses
      At line 87 in file .\\output\\bsp_mma8451q.s
Comment: BSP_I2C_Set_RX_Mode used once
BSP_I2C_Start 00000000

Symbol: BSP_I2C_Start
   Definitions
      At line 591 in file .\\output\\bsp_mma8451q.s



ARM Macro Assembler    Page 2 Alphabetic symbol ordering
External symbols

   Uses
      At line 30 in file .\\output\\bsp_mma8451q.s
      At line 62 in file .\\output\\bsp_mma8451q.s

BSP_I2C_Stop 00000000

Symbol: BSP_I2C_Stop
   Definitions
      At line 595 in file .\\output\\bsp_mma8451q.s
   Uses
      At line 53 in file .\\output\\bsp_mma8451q.s
      At line 96 in file .\\output\\bsp_mma8451q.s

BSP_I2C_Wait 00000000

Symbol: BSP_I2C_Wait
   Definitions
      At line 593 in file .\\output\\bsp_mma8451q.s
   Uses
      At line 35 in file .\\output\\bsp_mma8451q.s
      At line 42 in file .\\output\\bsp_mma8451q.s
      At line 49 in file .\\output\\bsp_mma8451q.s
      At line 67 in file .\\output\\bsp_mma8451q.s
      At line 74 in file .\\output\\bsp_mma8451q.s
      At line 83 in file .\\output\\bsp_mma8451q.s
      At line 94 in file .\\output\\bsp_mma8451q.s

BSP_I2C_Write_Byte 00000000

Symbol: BSP_I2C_Write_Byte
   Definitions
      At line 592 in file .\\output\\bsp_mma8451q.s
   Uses
      At line 33 in file .\\output\\bsp_mma8451q.s
      At line 40 in file .\\output\\bsp_mma8451q.s
      At line 47 in file .\\output\\bsp_mma8451q.s
      At line 65 in file .\\output\\bsp_mma8451q.s
      At line 72 in file .\\output\\bsp_mma8451q.s
      At line 81 in file .\\output\\bsp_mma8451q.s

__2printf 00000000

Symbol: __2printf
   Definitions
      At line 601 in file .\\output\\bsp_mma8451q.s
   Uses
      At line 333 in file .\\output\\bsp_mma8451q.s
      At line 337 in file .\\output\\bsp_mma8451q.s
      At line 341 in file .\\output\\bsp_mma8451q.s
      At line 345 in file .\\output\\bsp_mma8451q.s

_printf_d 00000000

Symbol: _printf_d
   Definitions
      At line 603 in file .\\output\\bsp_mma8451q.s
   Uses
      At line 10 in file .\\output\\bsp_mma8451q.s
Comment: _printf_d used once



ARM Macro Assembler    Page 3 Alphabetic symbol ordering
External symbols

_printf_int_dec 00000000

Symbol: _printf_int_dec
   Definitions
      At line 604 in file .\\output\\bsp_mma8451q.s
   Uses
      At line 11 in file .\\output\\bsp_mma8451q.s
Comment: _printf_int_dec used once
_printf_percent 00000000

Symbol: _printf_percent
   Definitions
      At line 602 in file .\\output\\bsp_mma8451q.s
   Uses
      At line 9 in file .\\output\\bsp_mma8451q.s
Comment: _printf_percent used once
|Lib$$Request$$armlib| 00000000

Symbol: |Lib$$Request$$armlib|
   Definitions
      At line 590 in file .\\output\\bsp_mma8451q.s
   Uses
      None
Comment: |Lib$$Request$$armlib| unused
15 symbols
394 symbols in table
